<?xml version="1.0" encoding="UTF-8"?>
<!-- Generated by org.testng.reporters.JUnitReportReporter -->
<testsuite hostname="LAPTOP-PDMSI55L" failures="0" tests="1" name="TestPackage.TechTest" time="17.612" errors="0" timestamp="2022-11-21T17:02:01 GMT" skipped="0">
  <testcase classname="TestPackage.TechTest" name="WebpageTest" time="17.612"/>
  <system-out/>
</testsuite> <!-- TestPackage.TechTest -->
